[ 2017-11-14T11:23:37+08:00 ] 127.0.0.1 /tianping/User/userRole
INFO: [ app_init ] --START--
INFO: Run Behavior\BuildLiteBehavior [ RunTime:0.000017s ]
INFO: [ app_init ] --END-- [ RunTime:0.008329s ]
INFO: [ app_begin ] --START--
INFO: Run Behavior\ReadHtmlCacheBehavior [ RunTime:0.009262s ]
INFO: [ app_begin ] --END-- [ RunTime:0.009366s ]
NOTIC: [8192] mysql_connect(): The mysql extension is deprecated and will be removed in the future: use mysqli or PDO instead C:\wpy\my\tianping\ThinkPHP\Library\Think\Db\Driver\Mysql.class.php 第 52 行.
SQL: SHOW COLUMNS FROM `user` [ RunTime:0.006386s ]

[ 2017-11-14T11:30:14+08:00 ] 127.0.0.1 /tianping/login/login
INFO: [ app_init ] --START--
INFO: Run Behavior\BuildLiteBehavior [ RunTime:0.000013s ]
INFO: [ app_init ] --END-- [ RunTime:0.000517s ]
INFO: [ app_begin ] --START--
INFO: Run Behavior\ReadHtmlCacheBehavior [ RunTime:0.001223s ]
INFO: [ app_begin ] --END-- [ RunTime:0.001309s ]
NOTIC: [8192] mysql_connect(): The mysql extension is deprecated and will be removed in the future: use mysqli or PDO instead C:\wpy\my\tianping\ThinkPHP\Library\Think\Db\Driver\Mysql.class.php 第 52 行.
SQL: SHOW COLUMNS FROM `user` [ RunTime:0.017336s ]
SQL: select id,uname,pwd from user where uname = 'sdfgh' and pwd = 'e10adc3949ba59abbe56e057f20f883e' [ RunTime:0.000714s ]
SQL: select b.id,b.name,b.permission from user_role as a left join role as b on a.roleId = b.id where a.userId = 2 and b.status = 0 [ RunTime:0.002302s ]
SQL: select action,function,name,parentId,`order`,`group` from permission where status = 0 and id in(1) [ RunTime:0.001456s ]
ERR: 1054:Unknown column 'order' in 'field list'
 [ SQL语句 ] : select action,function,name,parentId,`order`,`group` from permission where status = 0 and id in(1)

[ 2017-11-14T11:30:58+08:00 ] 127.0.0.1 /tianping/login/login
INFO: [ app_init ] --START--
INFO: Run Behavior\BuildLiteBehavior [ RunTime:0.000019s ]
INFO: [ app_init ] --END-- [ RunTime:0.000569s ]
INFO: [ app_begin ] --START--
INFO: Run Behavior\ReadHtmlCacheBehavior [ RunTime:0.000922s ]
INFO: [ app_begin ] --END-- [ RunTime:0.001009s ]
NOTIC: [8192] mysql_connect(): The mysql extension is deprecated and will be removed in the future: use mysqli or PDO instead C:\wpy\my\tianping\ThinkPHP\Library\Think\Db\Driver\Mysql.class.php 第 52 行.
SQL: SHOW COLUMNS FROM `user` [ RunTime:0.015188s ]
SQL: select id,uname,pwd from user where uname = 'sdfgh' and pwd = 'e10adc3949ba59abbe56e057f20f883e' [ RunTime:0.000476s ]
SQL: select b.id,b.name,b.permission from user_role as a left join role as b on a.roleId = b.id where a.userId = 2 and b.status = 0 [ RunTime:0.000435s ]
SQL: select action,function,name,parentId,`order`,`group` from permission where status = 0 and id in(1) [ RunTime:0.000268s ]
ERR: 1054:Unknown column 'order' in 'field list'
 [ SQL语句 ] : select action,function,name,parentId,`order`,`group` from permission where status = 0 and id in(1)
SQL: SHOW COLUMNS FROM `token` [ RunTime:0.004619s ]
ERR: 1146:Table 'main.token' doesn't exist
 [ SQL语句 ] : SHOW COLUMNS FROM `token`

[ 2017-11-14T11:31:37+08:00 ] 127.0.0.1 /tianping/login/login
INFO: [ app_init ] --START--
INFO: Run Behavior\BuildLiteBehavior [ RunTime:0.000013s ]
INFO: [ app_init ] --END-- [ RunTime:0.000598s ]
INFO: [ app_begin ] --START--
INFO: Run Behavior\ReadHtmlCacheBehavior [ RunTime:0.000812s ]
INFO: [ app_begin ] --END-- [ RunTime:0.000898s ]
NOTIC: [8192] mysql_connect(): The mysql extension is deprecated and will be removed in the future: use mysqli or PDO instead C:\wpy\my\tianping\ThinkPHP\Library\Think\Db\Driver\Mysql.class.php 第 52 行.
SQL: SHOW COLUMNS FROM `user` [ RunTime:0.064649s ]
SQL: select id,uname,pwd from user where uname = 'admin' and pwd = 'e10adc3949ba59abbe56e057f20f883e' [ RunTime:0.000404s ]
SQL: select b.id,b.name,b.permission from user_role as a left join role as b on a.roleId = b.id where a.userId = 1 and b.status = 0 [ RunTime:0.000461s ]
SQL: select action,function,name,parentId,`order`,`group` from permission where status = 0 and id in(1) [ RunTime:0.000338s ]
ERR: 1054:Unknown column 'order' in 'field list'
 [ SQL语句 ] : select action,function,name,parentId,`order`,`group` from permission where status = 0 and id in(1)
SQL: SHOW COLUMNS FROM `token` [ RunTime:0.003873s ]
ERR: 1146:Table 'main.token' doesn't exist
 [ SQL语句 ] : SHOW COLUMNS FROM `token`

[ 2017-11-14T11:33:11+08:00 ] 127.0.0.1 /tianping/login/login
INFO: [ app_init ] --START--
INFO: Run Behavior\BuildLiteBehavior [ RunTime:0.000016s ]
INFO: [ app_init ] --END-- [ RunTime:0.000582s ]
INFO: [ app_begin ] --START--
INFO: Run Behavior\ReadHtmlCacheBehavior [ RunTime:0.001175s ]
INFO: [ app_begin ] --END-- [ RunTime:0.001266s ]
NOTIC: [8192] mysql_connect(): The mysql extension is deprecated and will be removed in the future: use mysqli or PDO instead C:\wpy\my\tianping\ThinkPHP\Library\Think\Db\Driver\Mysql.class.php 第 52 行.
SQL: SHOW COLUMNS FROM `user` [ RunTime:0.069242s ]
SQL: select id,uname,pwd from user where uname = 'admin' and pwd = 'e10adc3949ba59abbe56e057f20f883e' [ RunTime:0.000499s ]
SQL: select b.id,b.name,b.permission from user_role as a left join role as b on a.roleId = b.id where a.userId = 1 and b.status = 0 [ RunTime:0.000368s ]

[ 2017-11-14T11:33:39+08:00 ] 127.0.0.1 /tianping/login/login
INFO: [ app_init ] --START--
INFO: Run Behavior\BuildLiteBehavior [ RunTime:0.000045s ]
INFO: [ app_init ] --END-- [ RunTime:0.000611s ]
INFO: [ app_begin ] --START--
INFO: Run Behavior\ReadHtmlCacheBehavior [ RunTime:0.000944s ]
INFO: [ app_begin ] --END-- [ RunTime:0.001014s ]
NOTIC: [8192] mysql_connect(): The mysql extension is deprecated and will be removed in the future: use mysqli or PDO instead C:\wpy\my\tianping\ThinkPHP\Library\Think\Db\Driver\Mysql.class.php 第 52 行.
SQL: SHOW COLUMNS FROM `user` [ RunTime:0.085706s ]
SQL: select id,uname,pwd from user where uname = 'admin' and pwd = 'e10adc3949ba59abbe56e057f20f883e' [ RunTime:0.000383s ]
SQL: select b.id,b.name,b.permission from user_role as a left join role as b on a.roleId = b.id where a.userId = 1 and b.status = 0 [ RunTime:0.000341s ]
SQL: select action,function,name,parentId,`group` from permission where status = 0 and id in(1) [ RunTime:0.000349s ]
SQL: SHOW COLUMNS FROM `token` [ RunTime:0.004265s ]
ERR: 1146:Table 'main.token' doesn't exist
 [ SQL语句 ] : SHOW COLUMNS FROM `token`

[ 2017-11-14T11:37:42+08:00 ] 127.0.0.1 /tianping/user/logout
INFO: [ app_init ] --START--
INFO: Run Behavior\BuildLiteBehavior [ RunTime:0.000013s ]
INFO: [ app_init ] --END-- [ RunTime:0.000427s ]
INFO: [ app_begin ] --START--
INFO: Run Behavior\ReadHtmlCacheBehavior [ RunTime:0.001033s ]
INFO: [ app_begin ] --END-- [ RunTime:0.001145s ]
NOTIC: [8192] mysql_connect(): The mysql extension is deprecated and will be removed in the future: use mysqli or PDO instead C:\wpy\my\tianping\ThinkPHP\Library\Think\Db\Driver\Mysql.class.php 第 52 行.
SQL: SHOW COLUMNS FROM `user` [ RunTime:0.052804s ]
SQL: select id,uname,pwd from user where id = 2 [ RunTime:0.000411s ]
SQL: SHOW COLUMNS FROM `token` [ RunTime:0.004716s ]
ERR: 1146:Table 'main.token' doesn't exist
 [ SQL语句 ] : SHOW COLUMNS FROM `token`

[ 2017-11-14T11:48:24+08:00 ] 127.0.0.1 /tianping/User/getPId
INFO: [ app_init ] --START--
INFO: Run Behavior\BuildLiteBehavior [ RunTime:0.000013s ]
INFO: [ app_init ] --END-- [ RunTime:0.000461s ]
INFO: [ app_begin ] --START--
INFO: Run Behavior\ReadHtmlCacheBehavior [ RunTime:0.000972s ]
INFO: [ app_begin ] --END-- [ RunTime:0.001092s ]
NOTIC: [8192] mysql_connect(): The mysql extension is deprecated and will be removed in the future: use mysqli or PDO instead C:\wpy\my\tianping\ThinkPHP\Library\Think\Db\Driver\Mysql.class.php 第 52 行.
SQL: SHOW COLUMNS FROM `user` [ RunTime:0.052118s ]
SQL: SHOW COLUMNS FROM `user` [ RunTime:0.004467s ]
SQL: select id,name from permission where parentId = 0 and status = 0 [ RunTime:0.000424s ]

[ 2017-11-14T11:51:27+08:00 ] 127.0.0.1 /tianping/User/getPermission
INFO: [ app_init ] --START--
INFO: Run Behavior\BuildLiteBehavior [ RunTime:0.000012s ]
INFO: [ app_init ] --END-- [ RunTime:0.000421s ]
INFO: [ app_begin ] --START--
INFO: Run Behavior\ReadHtmlCacheBehavior [ RunTime:0.000782s ]
INFO: [ app_begin ] --END-- [ RunTime:0.000857s ]
NOTIC: [8192] mysql_connect(): The mysql extension is deprecated and will be removed in the future: use mysqli or PDO instead C:\wpy\my\tianping\ThinkPHP\Library\Think\Db\Driver\Mysql.class.php 第 52 行.
SQL: SHOW COLUMNS FROM `user` [ RunTime:0.020141s ]
SQL: SHOW COLUMNS FROM `user` [ RunTime:0.006035s ]
SQL: select id,name,parentId from permission where status = 0 order by parentId [ RunTime:0.000464s ]

[ 2017-11-14T11:52:34+08:00 ] 127.0.0.1 /tianping/User/getPermission
INFO: [ app_init ] --START--
INFO: Run Behavior\BuildLiteBehavior [ RunTime:0.000020s ]
INFO: [ app_init ] --END-- [ RunTime:0.000724s ]
INFO: [ app_begin ] --START--
INFO: Run Behavior\ReadHtmlCacheBehavior [ RunTime:0.000656s ]
INFO: [ app_begin ] --END-- [ RunTime:0.000716s ]
NOTIC: [8192] mysql_connect(): The mysql extension is deprecated and will be removed in the future: use mysqli or PDO instead C:\wpy\my\tianping\ThinkPHP\Library\Think\Db\Driver\Mysql.class.php 第 52 行.
SQL: SHOW COLUMNS FROM `user` [ RunTime:0.005037s ]
SQL: SHOW COLUMNS FROM `user` [ RunTime:0.005656s ]
SQL: select id,name,parentId,status,ctime from permission where status = 0 order by parentId [ RunTime:0.000466s ]

[ 2017-11-14T12:03:41+08:00 ] 127.0.0.1 /tianping/User/getRoleOne
INFO: [ app_init ] --START--
INFO: Run Behavior\BuildLiteBehavior [ RunTime:0.000012s ]
INFO: [ app_init ] --END-- [ RunTime:0.000436s ]
INFO: [ app_begin ] --START--
INFO: Run Behavior\ReadHtmlCacheBehavior [ RunTime:0.000908s ]
INFO: [ app_begin ] --END-- [ RunTime:0.000975s ]
NOTIC: [8192] mysql_connect(): The mysql extension is deprecated and will be removed in the future: use mysqli or PDO instead C:\wpy\my\tianping\ThinkPHP\Library\Think\Db\Driver\Mysql.class.php 第 52 行.
SQL: SHOW COLUMNS FROM `user` [ RunTime:0.009924s ]
SQL: SHOW COLUMNS FROM `user` [ RunTime:0.005127s ]
SQL: select * from role where id =  [ RunTime:0.000374s ]
ERR: 1064:You have an error in your SQL syntax; check the manual that corresponds to your MySQL server version for the right syntax to use near '' at line 1
 [ SQL语句 ] : select * from role where id = 

[ 2017-11-14T12:03:50+08:00 ] 127.0.0.1 /tianping/User/getRoleOne
INFO: [ app_init ] --START--
INFO: Run Behavior\BuildLiteBehavior [ RunTime:0.000017s ]
INFO: [ app_init ] --END-- [ RunTime:0.000649s ]
INFO: [ app_begin ] --START--
INFO: Run Behavior\ReadHtmlCacheBehavior [ RunTime:0.001229s ]
INFO: [ app_begin ] --END-- [ RunTime:0.001313s ]
NOTIC: [8192] mysql_connect(): The mysql extension is deprecated and will be removed in the future: use mysqli or PDO instead C:\wpy\my\tianping\ThinkPHP\Library\Think\Db\Driver\Mysql.class.php 第 52 行.
SQL: SHOW COLUMNS FROM `user` [ RunTime:0.064496s ]
SQL: SHOW COLUMNS FROM `user` [ RunTime:0.008504s ]
SQL: select * from role where id = 1 [ RunTime:0.000537s ]

[ 2017-11-14T12:04:29+08:00 ] 127.0.0.1 /tianping/User/getRoleOne
INFO: [ app_init ] --START--
INFO: Run Behavior\BuildLiteBehavior [ RunTime:0.000013s ]
INFO: [ app_init ] --END-- [ RunTime:0.000426s ]
INFO: [ app_begin ] --START--
INFO: Run Behavior\ReadHtmlCacheBehavior [ RunTime:0.000989s ]
INFO: [ app_begin ] --END-- [ RunTime:0.001072s ]
NOTIC: [8192] mysql_connect(): The mysql extension is deprecated and will be removed in the future: use mysqli or PDO instead C:\wpy\my\tianping\ThinkPHP\Library\Think\Db\Driver\Mysql.class.php 第 52 行.
SQL: SHOW COLUMNS FROM `user` [ RunTime:0.013557s ]
SQL: SHOW COLUMNS FROM `user` [ RunTime:0.005198s ]
SQL: select * from role where id = 2 [ RunTime:0.000413s ]

[ 2017-11-14T12:08:03+08:00 ] 127.0.0.1 /tianping/User/userRoleList
INFO: [ app_init ] --START--
INFO: Run Behavior\BuildLiteBehavior [ RunTime:0.000013s ]
INFO: [ app_init ] --END-- [ RunTime:0.000523s ]
INFO: [ app_begin ] --START--
INFO: Run Behavior\ReadHtmlCacheBehavior [ RunTime:0.000855s ]
INFO: [ app_begin ] --END-- [ RunTime:0.000929s ]
NOTIC: [8192] mysql_connect(): The mysql extension is deprecated and will be removed in the future: use mysqli or PDO instead C:\wpy\my\tianping\ThinkPHP\Library\Think\Db\Driver\Mysql.class.php 第 52 行.
SQL: SHOW COLUMNS FROM `user` [ RunTime:0.067546s ]
SQL: SHOW COLUMNS FROM `user` [ RunTime:0.005215s ]
SQL: select a.id as userId,a.uname,a.phone,a.email,IFNULL(c.id,0) as roleId,IFNULL(c.name,'暂无') as roleName from `user` as a left join user_role as b on a.id = b.userId left join role as c on b.roleId = c.id [ RunTime:0.001371s ]

[ 2017-11-14T12:15:28+08:00 ] 127.0.0.1 /tianping/User/getPermissionOne
INFO: [ app_init ] --START--
INFO: Run Behavior\BuildLiteBehavior [ RunTime:0.000013s ]
INFO: [ app_init ] --END-- [ RunTime:0.000421s ]
INFO: [ app_begin ] --START--
INFO: Run Behavior\ReadHtmlCacheBehavior [ RunTime:0.001694s ]
INFO: [ app_begin ] --END-- [ RunTime:0.001813s ]
NOTIC: [8192] mysql_connect(): The mysql extension is deprecated and will be removed in the future: use mysqli or PDO instead C:\wpy\my\tianping\ThinkPHP\Library\Think\Db\Driver\Mysql.class.php 第 52 行.
SQL: SHOW COLUMNS FROM `user` [ RunTime:0.049677s ]
SQL: SHOW COLUMNS FROM `user` [ RunTime:0.004452s ]

[ 2017-11-14T12:15:39+08:00 ] 127.0.0.1 /tianping/User/getPermissionOne
INFO: [ app_init ] --START--
INFO: Run Behavior\BuildLiteBehavior [ RunTime:0.000018s ]
INFO: [ app_init ] --END-- [ RunTime:0.000697s ]
INFO: [ app_begin ] --START--
INFO: Run Behavior\ReadHtmlCacheBehavior [ RunTime:0.000838s ]
INFO: [ app_begin ] --END-- [ RunTime:0.000914s ]
NOTIC: [8192] mysql_connect(): The mysql extension is deprecated and will be removed in the future: use mysqli or PDO instead C:\wpy\my\tianping\ThinkPHP\Library\Think\Db\Driver\Mysql.class.php 第 52 行.
SQL: SHOW COLUMNS FROM `user` [ RunTime:0.016802s ]
SQL: SHOW COLUMNS FROM `user` [ RunTime:0.005886s ]
SQL: select id,action,function,status,name,parentId,group from permission where id = 1 [ RunTime:0.000344s ]
ERR: 1064:You have an error in your SQL syntax; check the manual that corresponds to your MySQL server version for the right syntax to use near 'group from permission where id = 1' at line 1
 [ SQL语句 ] : select id,action,function,status,name,parentId,group from permission where id = 1

[ 2017-11-14T12:15:45+08:00 ] 127.0.0.1 /tianping/User/getPermissionOne
INFO: [ app_init ] --START--
INFO: Run Behavior\BuildLiteBehavior [ RunTime:0.000012s ]
INFO: [ app_init ] --END-- [ RunTime:0.000422s ]
INFO: [ app_begin ] --START--
INFO: Run Behavior\ReadHtmlCacheBehavior [ RunTime:0.001011s ]
INFO: [ app_begin ] --END-- [ RunTime:0.001085s ]
NOTIC: [8192] mysql_connect(): The mysql extension is deprecated and will be removed in the future: use mysqli or PDO instead C:\wpy\my\tianping\ThinkPHP\Library\Think\Db\Driver\Mysql.class.php 第 52 行.
SQL: SHOW COLUMNS FROM `user` [ RunTime:0.021357s ]
SQL: SHOW COLUMNS FROM `user` [ RunTime:0.005116s ]
SQL: select id,action,function,status,name,parentId,group from permission where id = 2 [ RunTime:0.000244s ]
ERR: 1064:You have an error in your SQL syntax; check the manual that corresponds to your MySQL server version for the right syntax to use near 'group from permission where id = 2' at line 1
 [ SQL语句 ] : select id,action,function,status,name,parentId,group from permission where id = 2

[ 2017-11-14T12:16:22+08:00 ] 127.0.0.1 /tianping/User/getPermissionOne
INFO: [ app_init ] --START--
INFO: Run Behavior\BuildLiteBehavior [ RunTime:0.000013s ]
INFO: [ app_init ] --END-- [ RunTime:0.000495s ]
INFO: [ app_begin ] --START--
INFO: Run Behavior\ReadHtmlCacheBehavior [ RunTime:0.000948s ]
INFO: [ app_begin ] --END-- [ RunTime:0.001033s ]
NOTIC: [8192] mysql_connect(): The mysql extension is deprecated and will be removed in the future: use mysqli or PDO instead C:\wpy\my\tianping\ThinkPHP\Library\Think\Db\Driver\Mysql.class.php 第 52 行.
SQL: SHOW COLUMNS FROM `user` [ RunTime:0.013162s ]
SQL: SHOW COLUMNS FROM `user` [ RunTime:0.005487s ]

[ 2017-11-14T12:16:35+08:00 ] 127.0.0.1 /tianping/User/getPermissionOne
INFO: [ app_init ] --START--
INFO: Run Behavior\BuildLiteBehavior [ RunTime:0.000020s ]
INFO: [ app_init ] --END-- [ RunTime:0.000679s ]
INFO: [ app_begin ] --START--
INFO: Run Behavior\ReadHtmlCacheBehavior [ RunTime:0.001090s ]
INFO: [ app_begin ] --END-- [ RunTime:0.001201s ]
NOTIC: [8192] mysql_connect(): The mysql extension is deprecated and will be removed in the future: use mysqli or PDO instead C:\wpy\my\tianping\ThinkPHP\Library\Think\Db\Driver\Mysql.class.php 第 52 行.
SQL: SHOW COLUMNS FROM `user` [ RunTime:0.005352s ]
SQL: SHOW COLUMNS FROM `user` [ RunTime:0.006493s ]

[ 2017-11-14T12:17:49+08:00 ] 127.0.0.1 /tianping/User/getPermissionOne
INFO: [ app_init ] --START--
INFO: Run Behavior\BuildLiteBehavior [ RunTime:0.000012s ]
INFO: [ app_init ] --END-- [ RunTime:0.000451s ]
INFO: [ app_begin ] --START--
INFO: Run Behavior\ReadHtmlCacheBehavior [ RunTime:0.001149s ]
INFO: [ app_begin ] --END-- [ RunTime:0.001704s ]
NOTIC: [8192] mysql_connect(): The mysql extension is deprecated and will be removed in the future: use mysqli or PDO instead C:\wpy\my\tianping\ThinkPHP\Library\Think\Db\Driver\Mysql.class.php 第 52 行.
SQL: SHOW COLUMNS FROM `user` [ RunTime:0.059290s ]
SQL: SHOW COLUMNS FROM `user` [ RunTime:0.004820s ]
SQL: select id,action,function,status,name,parentId,`group` from permission where id = 2 [ RunTime:0.000475s ]

[ 2017-11-14T12:17:58+08:00 ] 127.0.0.1 /tianping/User/getPermissionOne
INFO: [ app_init ] --START--
INFO: Run Behavior\BuildLiteBehavior [ RunTime:0.000014s ]
INFO: [ app_init ] --END-- [ RunTime:0.000428s ]
INFO: [ app_begin ] --START--
INFO: Run Behavior\ReadHtmlCacheBehavior [ RunTime:0.001092s ]
INFO: [ app_begin ] --END-- [ RunTime:0.001175s ]
NOTIC: [8192] mysql_connect(): The mysql extension is deprecated and will be removed in the future: use mysqli or PDO instead C:\wpy\my\tianping\ThinkPHP\Library\Think\Db\Driver\Mysql.class.php 第 52 行.
SQL: SHOW COLUMNS FROM `user` [ RunTime:0.086290s ]
SQL: SHOW COLUMNS FROM `user` [ RunTime:0.067245s ]
SQL: select id,action,function,status,name,parentId,`group` from permission where id = 1 [ RunTime:0.000808s ]

