[ 2017-11-09T11:23:38+08:00 ] 127.0.0.1 /tianping/User/getPId
INFO: [ app_init ] --START--
INFO: Run Behavior\BuildLiteBehavior [ RunTime:0.000019s ]
INFO: [ app_init ] --END-- [ RunTime:0.000960s ]
INFO: [ app_begin ] --START--
INFO: Run Behavior\ReadHtmlCacheBehavior [ RunTime:0.001505s ]
INFO: [ app_begin ] --END-- [ RunTime:0.001644s ]
NOTIC: [8192] mysql_connect(): The mysql extension is deprecated and will be removed in the future: use mysqli or PDO instead C:\wpy\my\tianping\ThinkPHP\Library\Think\Db\Driver\Mysql.class.php 第 52 行.
SQL: SHOW COLUMNS FROM `user` [ RunTime:0.059125s ]
SQL: SHOW COLUMNS FROM `user` [ RunTime:0.004503s ]
SQL: select id from permission where parentId = 0 and status = 0 [ RunTime:0.000582s ]

[ 2017-11-09T11:23:51+08:00 ] 127.0.0.1 /tianping/User/getPId
INFO: [ app_init ] --START--
INFO: Run Behavior\BuildLiteBehavior [ RunTime:0.000018s ]
INFO: [ app_init ] --END-- [ RunTime:0.000541s ]
INFO: [ app_begin ] --START--
INFO: Run Behavior\ReadHtmlCacheBehavior [ RunTime:0.001075s ]
INFO: [ app_begin ] --END-- [ RunTime:0.001198s ]
NOTIC: [8192] mysql_connect(): The mysql extension is deprecated and will be removed in the future: use mysqli or PDO instead C:\wpy\my\tianping\ThinkPHP\Library\Think\Db\Driver\Mysql.class.php 第 52 行.
SQL: SHOW COLUMNS FROM `user` [ RunTime:0.006077s ]
SQL: SHOW COLUMNS FROM `user` [ RunTime:0.005686s ]
SQL: select id,name from permission where parentId = 0 and status = 0 [ RunTime:0.000400s ]

[ 2017-11-09T11:28:22+08:00 ] 127.0.0.1 /tianping/User/getPId
INFO: [ app_init ] --START--
INFO: Run Behavior\BuildLiteBehavior [ RunTime:0.000013s ]
INFO: [ app_init ] --END-- [ RunTime:0.000433s ]
INFO: [ app_begin ] --START--
INFO: Run Behavior\ReadHtmlCacheBehavior [ RunTime:0.000775s ]
INFO: [ app_begin ] --END-- [ RunTime:0.000832s ]
NOTIC: [8192] mysql_connect(): The mysql extension is deprecated and will be removed in the future: use mysqli or PDO instead C:\wpy\my\tianping\ThinkPHP\Library\Think\Db\Driver\Mysql.class.php 第 52 行.
SQL: SHOW COLUMNS FROM `user` [ RunTime:0.076427s ]
SQL: SHOW COLUMNS FROM `user` [ RunTime:0.005687s ]
SQL: select id,name from permission where parentId = 0 and status = 0 [ RunTime:0.000485s ]

[ 2017-11-09T11:30:08+08:00 ] 127.0.0.1 /tianping/User/getPId
INFO: [ app_init ] --START--
INFO: Run Behavior\BuildLiteBehavior [ RunTime:0.000015s ]
INFO: [ app_init ] --END-- [ RunTime:0.000498s ]
INFO: [ app_begin ] --START--
INFO: Run Behavior\ReadHtmlCacheBehavior [ RunTime:0.000988s ]
INFO: [ app_begin ] --END-- [ RunTime:0.001093s ]
NOTIC: [8192] mysql_connect(): The mysql extension is deprecated and will be removed in the future: use mysqli or PDO instead C:\wpy\my\tianping\ThinkPHP\Library\Think\Db\Driver\Mysql.class.php 第 52 行.
SQL: SHOW COLUMNS FROM `user` [ RunTime:0.047848s ]
SQL: SHOW COLUMNS FROM `user` [ RunTime:0.004565s ]
SQL: select id,name from permission where parentId = 0 and status = 0 [ RunTime:0.000370s ]

[ 2017-11-09T13:30:54+08:00 ] 127.0.0.1 /tianping/User/getPermission
INFO: [ app_init ] --START--
INFO: Run Behavior\BuildLiteBehavior [ RunTime:0.000017s ]
INFO: [ app_init ] --END-- [ RunTime:0.000706s ]
INFO: [ app_begin ] --START--
INFO: Run Behavior\ReadHtmlCacheBehavior [ RunTime:0.001191s ]
INFO: [ app_begin ] --END-- [ RunTime:0.001262s ]
NOTIC: [8192] mysql_connect(): The mysql extension is deprecated and will be removed in the future: use mysqli or PDO instead C:\wpy\my\tianping\ThinkPHP\Library\Think\Db\Driver\Mysql.class.php 第 52 行.
SQL: SHOW COLUMNS FROM `user` [ RunTime:0.019638s ]
SQL: SHOW COLUMNS FROM `user` [ RunTime:0.004776s ]
SQL: select id,name,parentId from permission where status = 0 [ RunTime:0.000365s ]
NOTIC: [8] Undefined index: Id C:\wpy\my\tianping\Application\Home\Model\UserModel.class.php 第 182 行.
NOTIC: [8] Undefined index: Id C:\wpy\my\tianping\Application\Home\Model\UserModel.class.php 第 182 行.

[ 2017-11-09T13:33:02+08:00 ] 127.0.0.1 /tianping/User/getPermission
INFO: [ app_init ] --START--
INFO: Run Behavior\BuildLiteBehavior [ RunTime:0.000018s ]
INFO: [ app_init ] --END-- [ RunTime:0.000468s ]
INFO: [ app_begin ] --START--
INFO: Run Behavior\ReadHtmlCacheBehavior [ RunTime:0.001899s ]
INFO: [ app_begin ] --END-- [ RunTime:0.001995s ]
NOTIC: [8192] mysql_connect(): The mysql extension is deprecated and will be removed in the future: use mysqli or PDO instead C:\wpy\my\tianping\ThinkPHP\Library\Think\Db\Driver\Mysql.class.php 第 52 行.
SQL: SHOW COLUMNS FROM `user` [ RunTime:0.005863s ]
SQL: SHOW COLUMNS FROM `user` [ RunTime:0.093868s ]
SQL: select id,name,parentId from permission where status = 0 order by parentId [ RunTime:0.016018s ]
NOTIC: [8] Undefined index: Id C:\wpy\my\tianping\Application\Home\Model\UserModel.class.php 第 182 行.
NOTIC: [8] Undefined index: Id C:\wpy\my\tianping\Application\Home\Model\UserModel.class.php 第 182 行.

[ 2017-11-09T13:33:26+08:00 ] 127.0.0.1 /tianping/User/getPermission
INFO: [ app_init ] --START--
INFO: Run Behavior\BuildLiteBehavior [ RunTime:0.000021s ]
INFO: [ app_init ] --END-- [ RunTime:0.000578s ]
INFO: [ app_begin ] --START--
INFO: Run Behavior\ReadHtmlCacheBehavior [ RunTime:0.001130s ]
INFO: [ app_begin ] --END-- [ RunTime:0.001219s ]
NOTIC: [8192] mysql_connect(): The mysql extension is deprecated and will be removed in the future: use mysqli or PDO instead C:\wpy\my\tianping\ThinkPHP\Library\Think\Db\Driver\Mysql.class.php 第 52 行.
SQL: SHOW COLUMNS FROM `user` [ RunTime:0.061987s ]
SQL: SHOW COLUMNS FROM `user` [ RunTime:0.004447s ]
SQL: select id,name,parentId from permission where status = 0 order by parentId [ RunTime:0.000405s ]

[ 2017-11-09T13:34:49+08:00 ] 127.0.0.1 /tianping/User/getPermission
INFO: [ app_init ] --START--
INFO: Run Behavior\BuildLiteBehavior [ RunTime:0.000021s ]
INFO: [ app_init ] --END-- [ RunTime:0.001291s ]
INFO: [ app_begin ] --START--
INFO: Run Behavior\ReadHtmlCacheBehavior [ RunTime:0.001702s ]
INFO: [ app_begin ] --END-- [ RunTime:0.001774s ]
NOTIC: [8192] mysql_connect(): The mysql extension is deprecated and will be removed in the future: use mysqli or PDO instead C:\wpy\my\tianping\ThinkPHP\Library\Think\Db\Driver\Mysql.class.php 第 52 行.
SQL: SHOW COLUMNS FROM `user` [ RunTime:0.020205s ]
SQL: SHOW COLUMNS FROM `user` [ RunTime:0.005572s ]
SQL: select id,name,parentId from permission where status = 0 order by parentId [ RunTime:0.012337s ]
NOTIC: [8] Undefined index: Id C:\wpy\my\tianping\Application\Home\Model\UserModel.class.php 第 184 行.
NOTIC: [8] Undefined index: Id C:\wpy\my\tianping\Application\Home\Model\UserModel.class.php 第 184 行.

[ 2017-11-09T13:36:38+08:00 ] 127.0.0.1 /tianping/User/getPermission
INFO: [ app_init ] --START--
INFO: Run Behavior\BuildLiteBehavior [ RunTime:0.000017s ]
INFO: [ app_init ] --END-- [ RunTime:0.000533s ]
INFO: [ app_begin ] --START--
INFO: Run Behavior\ReadHtmlCacheBehavior [ RunTime:0.000872s ]
INFO: [ app_begin ] --END-- [ RunTime:0.000930s ]
NOTIC: [8192] mysql_connect(): The mysql extension is deprecated and will be removed in the future: use mysqli or PDO instead C:\wpy\my\tianping\ThinkPHP\Library\Think\Db\Driver\Mysql.class.php 第 52 行.
SQL: SHOW COLUMNS FROM `user` [ RunTime:0.056884s ]
SQL: SHOW COLUMNS FROM `user` [ RunTime:0.005140s ]
SQL: select id,name,parentId from permission where status = 0 order by parentId [ RunTime:0.000457s ]
NOTIC: [8] Undefined index: pid C:\wpy\my\tianping\Application\Home\Model\UserModel.class.php 第 179 行.

[ 2017-11-09T13:37:05+08:00 ] 127.0.0.1 /tianping/User/getPermission
INFO: [ app_init ] --START--
INFO: Run Behavior\BuildLiteBehavior [ RunTime:0.000037s ]
INFO: [ app_init ] --END-- [ RunTime:0.001185s ]
INFO: [ app_begin ] --START--
INFO: Run Behavior\ReadHtmlCacheBehavior [ RunTime:0.001187s ]
INFO: [ app_begin ] --END-- [ RunTime:0.001273s ]
NOTIC: [8192] mysql_connect(): The mysql extension is deprecated and will be removed in the future: use mysqli or PDO instead C:\wpy\my\tianping\ThinkPHP\Library\Think\Db\Driver\Mysql.class.php 第 52 行.
SQL: SHOW COLUMNS FROM `user` [ RunTime:0.047937s ]
SQL: SHOW COLUMNS FROM `user` [ RunTime:0.004937s ]
SQL: select id,name,parentId from permission where status = 0 order by parentId [ RunTime:0.000510s ]
NOTIC: [8] Undefined index: pid C:\wpy\my\tianping\Application\Home\Model\UserModel.class.php 第 179 行.

[ 2017-11-09T13:37:21+08:00 ] 127.0.0.1 /tianping/User/getPermission
INFO: [ app_init ] --START--
INFO: Run Behavior\BuildLiteBehavior [ RunTime:0.000017s ]
INFO: [ app_init ] --END-- [ RunTime:0.000638s ]
INFO: [ app_begin ] --START--
INFO: Run Behavior\ReadHtmlCacheBehavior [ RunTime:0.001130s ]
INFO: [ app_begin ] --END-- [ RunTime:0.001220s ]
NOTIC: [8192] mysql_connect(): The mysql extension is deprecated and will be removed in the future: use mysqli or PDO instead C:\wpy\my\tianping\ThinkPHP\Library\Think\Db\Driver\Mysql.class.php 第 52 行.
SQL: SHOW COLUMNS FROM `user` [ RunTime:0.048234s ]
SQL: SHOW COLUMNS FROM `user` [ RunTime:0.005193s ]
SQL: select id,name,parentId from permission where status = 0 order by parentId [ RunTime:0.000406s ]
NOTIC: [8] Undefined index: pid C:\wpy\my\tianping\Application\Home\Model\UserModel.class.php 第 179 行.
NOTIC: [8] Undefined index: pid C:\wpy\my\tianping\Application\Home\Model\UserModel.class.php 第 179 行.
NOTIC: [8] Undefined index: pid C:\wpy\my\tianping\Application\Home\Model\UserModel.class.php 第 179 行.
NOTIC: [8] Undefined index: pid C:\wpy\my\tianping\Application\Home\Model\UserModel.class.php 第 179 行.
NOTIC: [8] Undefined index: pid C:\wpy\my\tianping\Application\Home\Model\UserModel.class.php 第 179 行.
NOTIC: [8] Undefined index: pid C:\wpy\my\tianping\Application\Home\Model\UserModel.class.php 第 179 行.
NOTIC: [8] Undefined index: pid C:\wpy\my\tianping\Application\Home\Model\UserModel.class.php 第 179 行.
NOTIC: [8] Undefined index: pid C:\wpy\my\tianping\Application\Home\Model\UserModel.class.php 第 179 行.
NOTIC: [8] Undefined index: pid C:\wpy\my\tianping\Application\Home\Model\UserModel.class.php 第 179 行.
NOTIC: [8] Undefined index: pid C:\wpy\my\tianping\Application\Home\Model\UserModel.class.php 第 179 行.
NOTIC: [8] Undefined index: pid C:\wpy\my\tianping\Application\Home\Model\UserModel.class.php 第 179 行.
NOTIC: [8] Undefined index: pid C:\wpy\my\tianping\Application\Home\Model\UserModel.class.php 第 179 行.

[ 2017-11-09T13:37:35+08:00 ] 127.0.0.1 /tianping/User/getPermission
INFO: [ app_init ] --START--
INFO: Run Behavior\BuildLiteBehavior [ RunTime:0.000012s ]
INFO: [ app_init ] --END-- [ RunTime:0.000375s ]
INFO: [ app_begin ] --START--
INFO: Run Behavior\ReadHtmlCacheBehavior [ RunTime:0.000752s ]
INFO: [ app_begin ] --END-- [ RunTime:0.000806s ]
NOTIC: [8192] mysql_connect(): The mysql extension is deprecated and will be removed in the future: use mysqli or PDO instead C:\wpy\my\tianping\ThinkPHP\Library\Think\Db\Driver\Mysql.class.php 第 52 行.
SQL: SHOW COLUMNS FROM `user` [ RunTime:0.021094s ]
SQL: SHOW COLUMNS FROM `user` [ RunTime:0.005102s ]
SQL: select id,name,parentId from permission where status = 0 order by parentId [ RunTime:0.000410s ]
NOTIC: [8] Undefined index: pid C:\wpy\my\tianping\Application\Home\Model\UserModel.class.php 第 180 行.
NOTIC: [8] Undefined index: pid C:\wpy\my\tianping\Application\Home\Model\UserModel.class.php 第 180 行.
NOTIC: [8] Undefined index: pid C:\wpy\my\tianping\Application\Home\Model\UserModel.class.php 第 180 行.
NOTIC: [8] Undefined index: pid C:\wpy\my\tianping\Application\Home\Model\UserModel.class.php 第 180 行.
NOTIC: [8] Undefined index: pid C:\wpy\my\tianping\Application\Home\Model\UserModel.class.php 第 180 行.
NOTIC: [8] Undefined index: pid C:\wpy\my\tianping\Application\Home\Model\UserModel.class.php 第 180 行.
NOTIC: [8] Undefined index: pid C:\wpy\my\tianping\Application\Home\Model\UserModel.class.php 第 180 行.
NOTIC: [8] Undefined index: pid C:\wpy\my\tianping\Application\Home\Model\UserModel.class.php 第 180 行.
NOTIC: [8] Undefined index: pid C:\wpy\my\tianping\Application\Home\Model\UserModel.class.php 第 180 行.
NOTIC: [8] Undefined index: pid C:\wpy\my\tianping\Application\Home\Model\UserModel.class.php 第 180 行.
NOTIC: [8] Undefined index: pid C:\wpy\my\tianping\Application\Home\Model\UserModel.class.php 第 180 行.
NOTIC: [8] Undefined index: pid C:\wpy\my\tianping\Application\Home\Model\UserModel.class.php 第 180 行.

[ 2017-11-09T13:49:57+08:00 ] 127.0.0.1 /tianping/User/getPermission
INFO: [ app_init ] --START--
INFO: Run Behavior\BuildLiteBehavior [ RunTime:0.000011s ]
INFO: [ app_init ] --END-- [ RunTime:0.000383s ]
INFO: [ app_begin ] --START--
INFO: Run Behavior\ReadHtmlCacheBehavior [ RunTime:0.000799s ]
INFO: [ app_begin ] --END-- [ RunTime:0.000862s ]
NOTIC: [8192] mysql_connect(): The mysql extension is deprecated and will be removed in the future: use mysqli or PDO instead C:\wpy\my\tianping\ThinkPHP\Library\Think\Db\Driver\Mysql.class.php 第 52 行.
SQL: SHOW COLUMNS FROM `user` [ RunTime:0.005742s ]
SQL: SHOW COLUMNS FROM `user` [ RunTime:0.005233s ]
SQL: select id,name,parentId from permission where status = 0 order by parentId [ RunTime:0.000528s ]

[ 2017-11-09T13:50:38+08:00 ] 127.0.0.1 /tianping/User/getPermission
INFO: [ app_init ] --START--
INFO: Run Behavior\BuildLiteBehavior [ RunTime:0.000012s ]
INFO: [ app_init ] --END-- [ RunTime:0.000427s ]
INFO: [ app_begin ] --START--
INFO: Run Behavior\ReadHtmlCacheBehavior [ RunTime:0.001327s ]
INFO: [ app_begin ] --END-- [ RunTime:0.001432s ]
NOTIC: [8192] mysql_connect(): The mysql extension is deprecated and will be removed in the future: use mysqli or PDO instead C:\wpy\my\tianping\ThinkPHP\Library\Think\Db\Driver\Mysql.class.php 第 52 行.
SQL: SHOW COLUMNS FROM `user` [ RunTime:0.056128s ]
SQL: SHOW COLUMNS FROM `user` [ RunTime:0.005989s ]
SQL: select id,name,parentId from permission where status = 0 order by parentId [ RunTime:0.000513s ]

[ 2017-11-09T13:54:20+08:00 ] 127.0.0.1 /tianping/User/getPermission
INFO: [ app_init ] --START--
INFO: Run Behavior\BuildLiteBehavior [ RunTime:0.000018s ]
INFO: [ app_init ] --END-- [ RunTime:0.000564s ]
INFO: [ app_begin ] --START--
INFO: Run Behavior\ReadHtmlCacheBehavior [ RunTime:0.001200s ]
INFO: [ app_begin ] --END-- [ RunTime:0.001286s ]
NOTIC: [8192] mysql_connect(): The mysql extension is deprecated and will be removed in the future: use mysqli or PDO instead C:\wpy\my\tianping\ThinkPHP\Library\Think\Db\Driver\Mysql.class.php 第 52 行.
SQL: SHOW COLUMNS FROM `user` [ RunTime:0.045947s ]
SQL: SHOW COLUMNS FROM `user` [ RunTime:0.004775s ]
SQL: select id,name,parentId from permission where status = 0 order by parentId [ RunTime:0.000404s ]

[ 2017-11-09T14:01:51+08:00 ] 127.0.0.1 /tianping/User/getPermission
INFO: [ app_init ] --START--
INFO: Run Behavior\BuildLiteBehavior [ RunTime:0.000012s ]
INFO: [ app_init ] --END-- [ RunTime:0.000412s ]
INFO: [ app_begin ] --START--
INFO: Run Behavior\ReadHtmlCacheBehavior [ RunTime:0.001132s ]
INFO: [ app_begin ] --END-- [ RunTime:0.001208s ]
NOTIC: [8192] mysql_connect(): The mysql extension is deprecated and will be removed in the future: use mysqli or PDO instead C:\wpy\my\tianping\ThinkPHP\Library\Think\Db\Driver\Mysql.class.php 第 52 行.
SQL: SHOW COLUMNS FROM `user` [ RunTime:0.059633s ]
SQL: SHOW COLUMNS FROM `user` [ RunTime:0.005286s ]
SQL: select id,name,parentId from permission where status = 0 order by parentId [ RunTime:0.000553s ]

[ 2017-11-09T14:19:50+08:00 ] 127.0.0.1 /tianping/User/addRole
INFO: [ app_init ] --START--
INFO: Run Behavior\BuildLiteBehavior [ RunTime:0.000016s ]
INFO: [ app_init ] --END-- [ RunTime:0.000492s ]
INFO: [ app_begin ] --START--
INFO: Run Behavior\ReadHtmlCacheBehavior [ RunTime:0.001001s ]
INFO: [ app_begin ] --END-- [ RunTime:0.001059s ]
NOTIC: [8192] mysql_connect(): The mysql extension is deprecated and will be removed in the future: use mysqli or PDO instead C:\wpy\my\tianping\ThinkPHP\Library\Think\Db\Driver\Mysql.class.php 第 52 行.
SQL: SHOW COLUMNS FROM `user` [ RunTime:0.006249s ]
SQL: SHOW COLUMNS FROM `user` [ RunTime:0.004744s ]

[ 2017-11-09T14:20:24+08:00 ] 127.0.0.1 /tianping/User/addRole
INFO: [ app_init ] --START--
INFO: Run Behavior\BuildLiteBehavior [ RunTime:0.000014s ]
INFO: [ app_init ] --END-- [ RunTime:0.000412s ]
INFO: [ app_begin ] --START--
INFO: Run Behavior\ReadHtmlCacheBehavior [ RunTime:0.000763s ]
INFO: [ app_begin ] --END-- [ RunTime:0.000819s ]
NOTIC: [8192] mysql_connect(): The mysql extension is deprecated and will be removed in the future: use mysqli or PDO instead C:\wpy\my\tianping\ThinkPHP\Library\Think\Db\Driver\Mysql.class.php 第 52 行.
SQL: SHOW COLUMNS FROM `user` [ RunTime:0.093219s ]
SQL: SHOW COLUMNS FROM `user` [ RunTime:0.005281s ]
NOTIC: [8] Undefined index: permissionStr C:\wpy\my\tianping\Application\Home\Model\UserModel.class.php 第 189 行.

[ 2017-11-09T14:20:35+08:00 ] 127.0.0.1 /tianping/User/addRole
INFO: [ app_init ] --START--
INFO: Run Behavior\BuildLiteBehavior [ RunTime:0.000018s ]
INFO: [ app_init ] --END-- [ RunTime:0.000711s ]
INFO: [ app_begin ] --START--
INFO: Run Behavior\ReadHtmlCacheBehavior [ RunTime:0.001133s ]
INFO: [ app_begin ] --END-- [ RunTime:0.001241s ]
NOTIC: [8192] mysql_connect(): The mysql extension is deprecated and will be removed in the future: use mysqli or PDO instead C:\wpy\my\tianping\ThinkPHP\Library\Think\Db\Driver\Mysql.class.php 第 52 行.
SQL: SHOW COLUMNS FROM `user` [ RunTime:0.010078s ]
SQL: SHOW COLUMNS FROM `user` [ RunTime:0.005952s ]
NOTIC: [8] Undefined index: permissionStr C:\wpy\my\tianping\Application\Home\Model\UserModel.class.php 第 189 行.

[ 2017-11-09T14:20:41+08:00 ] 127.0.0.1 /tianping/User/addRole
INFO: [ app_init ] --START--
INFO: Run Behavior\BuildLiteBehavior [ RunTime:0.000013s ]
INFO: [ app_init ] --END-- [ RunTime:0.000442s ]
INFO: [ app_begin ] --START--
INFO: Run Behavior\ReadHtmlCacheBehavior [ RunTime:0.000999s ]
INFO: [ app_begin ] --END-- [ RunTime:0.001097s ]
NOTIC: [8192] mysql_connect(): The mysql extension is deprecated and will be removed in the future: use mysqli or PDO instead C:\wpy\my\tianping\ThinkPHP\Library\Think\Db\Driver\Mysql.class.php 第 52 行.
SQL: SHOW COLUMNS FROM `user` [ RunTime:0.066525s ]
SQL: SHOW COLUMNS FROM `user` [ RunTime:0.005231s ]
NOTIC: [8] Undefined index: permissionStr C:\wpy\my\tianping\Application\Home\Model\UserModel.class.php 第 189 行.

[ 2017-11-09T14:20:48+08:00 ] 127.0.0.1 /tianping/User/addRole
INFO: [ app_init ] --START--
INFO: Run Behavior\BuildLiteBehavior [ RunTime:0.000018s ]
INFO: [ app_init ] --END-- [ RunTime:0.000556s ]
INFO: [ app_begin ] --START--
INFO: Run Behavior\ReadHtmlCacheBehavior [ RunTime:0.000779s ]
INFO: [ app_begin ] --END-- [ RunTime:0.000838s ]
NOTIC: [8192] mysql_connect(): The mysql extension is deprecated and will be removed in the future: use mysqli or PDO instead C:\wpy\my\tianping\ThinkPHP\Library\Think\Db\Driver\Mysql.class.php 第 52 行.
SQL: SHOW COLUMNS FROM `user` [ RunTime:0.055224s ]
SQL: SHOW COLUMNS FROM `user` [ RunTime:0.005669s ]
NOTIC: [8] Undefined index: permissionStr C:\wpy\my\tianping\Application\Home\Model\UserModel.class.php 第 189 行.

[ 2017-11-09T14:21:07+08:00 ] 127.0.0.1 /tianping/User/addRole
INFO: [ app_init ] --START--
INFO: Run Behavior\BuildLiteBehavior [ RunTime:0.000014s ]
INFO: [ app_init ] --END-- [ RunTime:0.000415s ]
INFO: [ app_begin ] --START--
INFO: Run Behavior\ReadHtmlCacheBehavior [ RunTime:0.001078s ]
INFO: [ app_begin ] --END-- [ RunTime:0.001160s ]
NOTIC: [8192] mysql_connect(): The mysql extension is deprecated and will be removed in the future: use mysqli or PDO instead C:\wpy\my\tianping\ThinkPHP\Library\Think\Db\Driver\Mysql.class.php 第 52 行.
SQL: SHOW COLUMNS FROM `user` [ RunTime:0.060223s ]
SQL: SHOW COLUMNS FROM `user` [ RunTime:0.005213s ]
NOTIC: [8] Undefined index: permissionStr C:\wpy\my\tianping\Application\Home\Model\UserModel.class.php 第 189 行.

[ 2017-11-09T14:21:22+08:00 ] 127.0.0.1 /tianping/User/addRole
INFO: [ app_init ] --START--
INFO: Run Behavior\BuildLiteBehavior [ RunTime:0.000019s ]
INFO: [ app_init ] --END-- [ RunTime:0.000599s ]
INFO: [ app_begin ] --START--
INFO: Run Behavior\ReadHtmlCacheBehavior [ RunTime:0.001304s ]
INFO: [ app_begin ] --END-- [ RunTime:0.001591s ]
NOTIC: [8192] mysql_connect(): The mysql extension is deprecated and will be removed in the future: use mysqli or PDO instead C:\wpy\my\tianping\ThinkPHP\Library\Think\Db\Driver\Mysql.class.php 第 52 行.
SQL: SHOW COLUMNS FROM `user` [ RunTime:0.068314s ]
SQL: SHOW COLUMNS FROM `user` [ RunTime:0.005474s ]
SQL: select id from permission where id in ('1','2','3') [ RunTime:0.012203s ]

[ 2017-11-09T14:21:39+08:00 ] 127.0.0.1 /tianping/User/addRole
INFO: [ app_init ] --START--
INFO: Run Behavior\BuildLiteBehavior [ RunTime:0.000033s ]
INFO: [ app_init ] --END-- [ RunTime:0.000572s ]
INFO: [ app_begin ] --START--
INFO: Run Behavior\ReadHtmlCacheBehavior [ RunTime:0.000888s ]
INFO: [ app_begin ] --END-- [ RunTime:0.000957s ]
NOTIC: [8192] mysql_connect(): The mysql extension is deprecated and will be removed in the future: use mysqli or PDO instead C:\wpy\my\tianping\ThinkPHP\Library\Think\Db\Driver\Mysql.class.php 第 52 行.
SQL: SHOW COLUMNS FROM `user` [ RunTime:0.063878s ]
SQL: SHOW COLUMNS FROM `user` [ RunTime:0.005151s ]
SQL: select id from permission where id in ('1','2','3','4') [ RunTime:0.000309s ]

[ 2017-11-09T14:21:43+08:00 ] 127.0.0.1 /tianping/User/addRole
INFO: [ app_init ] --START--
INFO: Run Behavior\BuildLiteBehavior [ RunTime:0.000013s ]
INFO: [ app_init ] --END-- [ RunTime:0.000386s ]
INFO: [ app_begin ] --START--
INFO: Run Behavior\ReadHtmlCacheBehavior [ RunTime:0.000890s ]
INFO: [ app_begin ] --END-- [ RunTime:0.000967s ]
NOTIC: [8192] mysql_connect(): The mysql extension is deprecated and will be removed in the future: use mysqli or PDO instead C:\wpy\my\tianping\ThinkPHP\Library\Think\Db\Driver\Mysql.class.php 第 52 行.
SQL: SHOW COLUMNS FROM `user` [ RunTime:0.062031s ]
SQL: SHOW COLUMNS FROM `user` [ RunTime:0.005193s ]
SQL: select id from permission where id in ('1','2','3') [ RunTime:0.000333s ]
SQL: insert into role (`cid`,`name`,`permission`,`ctime`) values ('1','测试','["1","2","3"]','2017-11-09 14:21:43') [ RunTime:0.001083s ]
NOTIC: [2] mysql_num_rows() expects parameter 1 to be resource, boolean given C:\wpy\my\tianping\ThinkPHP\Library\Think\Db\Driver\Mysql.class.php 第 102 行.

[ 2017-11-09T14:30:56+08:00 ] 127.0.0.1 /tianping/User/userRoleList
INFO: [ app_init ] --START--
INFO: Run Behavior\BuildLiteBehavior [ RunTime:0.000019s ]
INFO: [ app_init ] --END-- [ RunTime:0.001383s ]
INFO: [ app_begin ] --START--
INFO: Run Behavior\ReadHtmlCacheBehavior [ RunTime:0.001493s ]
INFO: [ app_begin ] --END-- [ RunTime:0.001598s ]
NOTIC: [8192] mysql_connect(): The mysql extension is deprecated and will be removed in the future: use mysqli or PDO instead C:\wpy\my\tianping\ThinkPHP\Library\Think\Db\Driver\Mysql.class.php 第 52 行.
SQL: SHOW COLUMNS FROM `user` [ RunTime:0.035205s ]
SQL: SHOW COLUMNS FROM `user` [ RunTime:0.004713s ]
SQL: select a.uname,a.phone,a.email,c.id as roleId,c.name as roleName from `user` as a left join user_role as b on a.id = b.userId left join role as c on b.roleId = c.id [ RunTime:0.000381s ]

[ 2017-11-09T14:35:30+08:00 ] 127.0.0.1 /tianping/User/userRoleList
INFO: [ app_init ] --START--
INFO: Run Behavior\BuildLiteBehavior [ RunTime:0.000011s ]
INFO: [ app_init ] --END-- [ RunTime:0.000382s ]
INFO: [ app_begin ] --START--
INFO: Run Behavior\ReadHtmlCacheBehavior [ RunTime:0.001140s ]
INFO: [ app_begin ] --END-- [ RunTime:0.001208s ]
NOTIC: [8192] mysql_connect(): The mysql extension is deprecated and will be removed in the future: use mysqli or PDO instead C:\wpy\my\tianping\ThinkPHP\Library\Think\Db\Driver\Mysql.class.php 第 52 行.
SQL: SHOW COLUMNS FROM `user` [ RunTime:0.062343s ]
SQL: SHOW COLUMNS FROM `user` [ RunTime:0.005770s ]
SQL: select a.uname,a.phone,a.email,IFNULL(c.id,0) as roleId,IFNULL(c.name,'暂无') as roleName from `user` as a left join user_role as b on a.id = b.userId left join role as c on b.roleId = c.id [ RunTime:0.000474s ]

[ 2017-11-09T14:36:02+08:00 ] 127.0.0.1 /tianping/User/userRoleList
INFO: [ app_init ] --START--
INFO: Run Behavior\BuildLiteBehavior [ RunTime:0.000016s ]
INFO: [ app_init ] --END-- [ RunTime:0.000518s ]
INFO: [ app_begin ] --START--
INFO: Run Behavior\ReadHtmlCacheBehavior [ RunTime:0.001032s ]
INFO: [ app_begin ] --END-- [ RunTime:0.001113s ]
NOTIC: [8192] mysql_connect(): The mysql extension is deprecated and will be removed in the future: use mysqli or PDO instead C:\wpy\my\tianping\ThinkPHP\Library\Think\Db\Driver\Mysql.class.php 第 52 行.
SQL: SHOW COLUMNS FROM `user` [ RunTime:0.063872s ]
SQL: SHOW COLUMNS FROM `user` [ RunTime:0.005787s ]
SQL: select a.id as userId,a.uname,a.phone,a.email,IFNULL(c.id,0) as roleId,IFNULL(c.name,'暂无') as roleName from `user` as a left join user_role as b on a.id = b.userId left join role as c on b.roleId = c.id [ RunTime:0.000596s ]

[ 2017-11-09T14:57:09+08:00 ] 127.0.0.1 /tianping/User/userRole
INFO: [ app_init ] --START--
INFO: Run Behavior\BuildLiteBehavior [ RunTime:0.000014s ]
INFO: [ app_init ] --END-- [ RunTime:0.000597s ]
INFO: [ app_begin ] --START--
INFO: Run Behavior\ReadHtmlCacheBehavior [ RunTime:0.001198s ]
INFO: [ app_begin ] --END-- [ RunTime:0.001281s ]
NOTIC: [8192] mysql_connect(): The mysql extension is deprecated and will be removed in the future: use mysqli or PDO instead C:\wpy\my\tianping\ThinkPHP\Library\Think\Db\Driver\Mysql.class.php 第 52 行.
SQL: SHOW COLUMNS FROM `user` [ RunTime:0.047050s ]
SQL: SHOW COLUMNS FROM `user` [ RunTime:0.005196s ]
SQL: select id from role where id =  [ RunTime:0.000364s ]
ERR: 1064:You have an error in your SQL syntax; check the manual that corresponds to your MySQL server version for the right syntax to use near '' at line 1
 [ SQL语句 ] : select id from role where id = 

[ 2017-11-09T14:57:23+08:00 ] 127.0.0.1 /tianping/User/userRole
INFO: [ app_init ] --START--
INFO: Run Behavior\BuildLiteBehavior [ RunTime:0.000019s ]
INFO: [ app_init ] --END-- [ RunTime:0.000513s ]
INFO: [ app_begin ] --START--
INFO: Run Behavior\ReadHtmlCacheBehavior [ RunTime:0.000935s ]
INFO: [ app_begin ] --END-- [ RunTime:0.001040s ]
NOTIC: [8192] mysql_connect(): The mysql extension is deprecated and will be removed in the future: use mysqli or PDO instead C:\wpy\my\tianping\ThinkPHP\Library\Think\Db\Driver\Mysql.class.php 第 52 行.
SQL: SHOW COLUMNS FROM `user` [ RunTime:0.093619s ]
SQL: SHOW COLUMNS FROM `user` [ RunTime:0.005944s ]
SQL: select id from role where id =  [ RunTime:0.000216s ]
ERR: 1064:You have an error in your SQL syntax; check the manual that corresponds to your MySQL server version for the right syntax to use near '' at line 1
 [ SQL语句 ] : select id from role where id = 

[ 2017-11-09T14:57:26+08:00 ] 127.0.0.1 /tianping/User/userRole
INFO: [ app_init ] --START--
INFO: Run Behavior\BuildLiteBehavior [ RunTime:0.000014s ]
INFO: [ app_init ] --END-- [ RunTime:0.000406s ]
INFO: [ app_begin ] --START--
INFO: Run Behavior\ReadHtmlCacheBehavior [ RunTime:0.001116s ]
INFO: [ app_begin ] --END-- [ RunTime:0.001199s ]
NOTIC: [8192] mysql_connect(): The mysql extension is deprecated and will be removed in the future: use mysqli or PDO instead C:\wpy\my\tianping\ThinkPHP\Library\Think\Db\Driver\Mysql.class.php 第 52 行.
SQL: SHOW COLUMNS FROM `user` [ RunTime:0.018484s ]
SQL: SHOW COLUMNS FROM `user` [ RunTime:0.005448s ]
SQL: select id from role where id = 2 [ RunTime:0.000563s ]
SQL: select id from user_role where userId = 1 [ RunTime:0.000442s ]
SQL: update user_role set `roleId` = '2' where id = 1 [ RunTime:0.000624s ]
NOTIC: [2] mysql_num_rows() expects parameter 1 to be resource, boolean given C:\wpy\my\tianping\ThinkPHP\Library\Think\Db\Driver\Mysql.class.php 第 102 行.

[ 2017-11-09T14:57:55+08:00 ] 127.0.0.1 /tianping/User/userRole
INFO: [ app_init ] --START--
INFO: Run Behavior\BuildLiteBehavior [ RunTime:0.000018s ]
INFO: [ app_init ] --END-- [ RunTime:0.000532s ]
INFO: [ app_begin ] --START--
INFO: Run Behavior\ReadHtmlCacheBehavior [ RunTime:0.000782s ]
INFO: [ app_begin ] --END-- [ RunTime:0.000838s ]
NOTIC: [8192] mysql_connect(): The mysql extension is deprecated and will be removed in the future: use mysqli or PDO instead C:\wpy\my\tianping\ThinkPHP\Library\Think\Db\Driver\Mysql.class.php 第 52 行.
SQL: SHOW COLUMNS FROM `user` [ RunTime:0.182965s ]
SQL: SHOW COLUMNS FROM `user` [ RunTime:0.005264s ]
SQL: select id from role where id = 1 [ RunTime:0.000381s ]
SQL: select id from user_role where userId = 1 [ RunTime:0.000305s ]
SQL: update user_role set `roleId` = '1' where id = 1 [ RunTime:0.000398s ]
NOTIC: [2] mysql_num_rows() expects parameter 1 to be resource, boolean given C:\wpy\my\tianping\ThinkPHP\Library\Think\Db\Driver\Mysql.class.php 第 102 行.

[ 2017-11-09T14:58:04+08:00 ] 127.0.0.1 /tianping/User/userRole
INFO: [ app_init ] --START--
INFO: Run Behavior\BuildLiteBehavior [ RunTime:0.000017s ]
INFO: [ app_init ] --END-- [ RunTime:0.000477s ]
INFO: [ app_begin ] --START--
INFO: Run Behavior\ReadHtmlCacheBehavior [ RunTime:0.000845s ]
INFO: [ app_begin ] --END-- [ RunTime:0.000903s ]
NOTIC: [8192] mysql_connect(): The mysql extension is deprecated and will be removed in the future: use mysqli or PDO instead C:\wpy\my\tianping\ThinkPHP\Library\Think\Db\Driver\Mysql.class.php 第 52 行.
SQL: SHOW COLUMNS FROM `user` [ RunTime:0.015172s ]
SQL: SHOW COLUMNS FROM `user` [ RunTime:0.004886s ]
SQL: select id from role where id = 1 [ RunTime:0.000258s ]
SQL: select id from user_role where userId = 2 [ RunTime:0.000205s ]
SQL: insert into user_role (`userId`,`roleId`) values ('2','1') [ RunTime:0.000448s ]
NOTIC: [2] mysql_num_rows() expects parameter 1 to be resource, boolean given C:\wpy\my\tianping\ThinkPHP\Library\Think\Db\Driver\Mysql.class.php 第 102 行.

